Error: CSS: Parse Error.
At line 82, column 2 in resource file:/home/eagles/dockerz/megs/lesson-1-nouns/./2-functions-of-a-noun.html
Error: Stray end tag “span”.
From line 294, column 227; to line 294, column 233 in resource file:/home/eagles/dockerz/megs/lesson-1-nouns/./2-functions-of-a-noun.html
Error: No “p” element in scope but a “p” end tag seen.
From line 333, column 19; to line 333, column 22 in resource file:/home/eagles/dockerz/megs/lesson-1-nouns/./2-functions-of-a-noun.html
Error: Stray end tag “span”.
From line 350, column 205; to line 350, column 211 in resource file:/home/eagles/dockerz/megs/lesson-1-nouns/./2-functions-of-a-noun.html
Error: Element “ul” not allowed as child of element “ul” in this context. (Suppressing further errors from this subtree.)
From line 354, column 17; to line 354, column 53 in resource file:/home/eagles/dockerz/megs/lesson-1-nouns/./2-functions-of-a-noun.html
Error: Element “ul” not allowed as child of element “ul” in this context. (Suppressing further errors from this subtree.)
From line 366, column 17; to line 366, column 53 in resource file:/home/eagles/dockerz/megs/lesson-1-nouns/./2-functions-of-a-noun.html
Error: Stray end tag “script”.
From line 960, column 1; to line 960, column 9 in resource file:/home/eagles/dockerz/megs/lesson-1-nouns/./2-functions-of-a-noun.html
Error: Stray end tag “script”.
From line 961, column 1; to line 961, column 9 in resource file:/home/eagles/dockerz/megs/lesson-1-nouns/./2-functions-of-a-noun.html
Error: Stray end tag “span”.
From line 408, column 165; to line 408, column 171 in resource file:/home/eagles/dockerz/megs/lesson-1-nouns/./5-collective-nouns.html
Error: CSS: “mso-margin-top-alt”: Property “mso-margin-top-alt” doesn't exist.
From line 271, column 13; to line 271, column 94 in resource file:/home/eagles/dockerz/megs/lesson-1-nouns/./3-singular-and-plural-nouns.html
Error: End tag “em” violates nesting rules.
From line 376, column 70; to line 376, column 74 in resource file:/home/eagles/dockerz/megs/lesson-1-nouns/./3-singular-and-plural-nouns.html
Error: Stray end tag “b”.
From line 392, column 40; to line 392, column 43 in resource file:/home/eagles/dockerz/megs/lesson-1-nouns/./3-singular-and-plural-nouns.html
Error: The “type” attribute on the “ul” element is obsolete. Use CSS instead.
From line 333, column 1; to line 333, column 41 in resource file:/home/eagles/dockerz/megs/lesson-1-nouns/./4-countable-and-uncountable-nouns.html
Error: CSS: “mso-fareast-”: Parse Error.
From line 334, column 59; to line 334, column 104 in resource file:/home/eagles/dockerz/megs/lesson-1-nouns/./4-countable-and-uncountable-nouns.html
Error: The “type” attribute on the “ul” element is obsolete. Use CSS instead.
From line 337, column 1; to line 337, column 41 in resource file:/home/eagles/dockerz/megs/lesson-1-nouns/./4-countable-and-uncountable-nouns.html
Error: CSS: “mso-fareast-”: Parse Error.
From line 338, column 59; to line 338, column 104 in resource file:/home/eagles/dockerz/megs/lesson-1-nouns/./4-countable-and-uncountable-nouns.html
Error: The “type” attribute on the “ul” element is obsolete. Use CSS instead.
From line 341, column 1; to line 341, column 41 in resource file:/home/eagles/dockerz/megs/lesson-1-nouns/./4-countable-and-uncountable-nouns.html
Error: CSS: “mso-fareast-”: Parse Error.
From line 342, column 59; to line 342, column 104 in resource file:/home/eagles/dockerz/megs/lesson-1-nouns/./4-countable-and-uncountable-nouns.html
Error: The “type” attribute on the “ul” element is obsolete. Use CSS instead.
From line 345, column 1; to line 345, column 41 in resource file:/home/eagles/dockerz/megs/lesson-1-nouns/./4-countable-and-uncountable-nouns.html
Error: CSS: “mso-fareast-”: Parse Error.
From line 346, column 62; to line 346, column 107 in resource file:/home/eagles/dockerz/megs/lesson-1-nouns/./4-countable-and-uncountable-nouns.html
Error: CSS: “mso-fareast-”: Parse Error.
From line 346, column 121; to line 346, column 166 in resource file:/home/eagles/dockerz/megs/lesson-1-nouns/./4-countable-and-uncountable-nouns.html
Error: The “type” attribute on the “ul” element is obsolete. Use CSS instead.
From line 352, column 1; to line 352, column 41 in resource file:/home/eagles/dockerz/megs/lesson-1-nouns/./4-countable-and-uncountable-nouns.html
Error: CSS: “mso-fareast-”: Parse Error.
From line 353, column 59; to line 353, column 104 in resource file:/home/eagles/dockerz/megs/lesson-1-nouns/./4-countable-and-uncountable-nouns.html
Error: The “type” attribute on the “ul” element is obsolete. Use CSS instead.
From line 356, column 1; to line 356, column 41 in resource file:/home/eagles/dockerz/megs/lesson-1-nouns/./4-countable-and-uncountable-nouns.html
Error: CSS: “mso-fareast-”: Parse Error.
From line 357, column 59; to line 357, column 104 in resource file:/home/eagles/dockerz/megs/lesson-1-nouns/./4-countable-and-uncountable-nouns.html
Error: The “type” attribute on the “ul” element is obsolete. Use CSS instead.
From line 360, column 1; to line 360, column 41 in resource file:/home/eagles/dockerz/megs/lesson-1-nouns/./4-countable-and-uncountable-nouns.html
Error: CSS: “mso-fareast-”: Parse Error.
From line 361, column 59; to line 361, column 104 in resource file:/home/eagles/dockerz/megs/lesson-1-nouns/./4-countable-and-uncountable-nouns.html
Error: The “type” attribute on the “ul” element is obsolete. Use CSS instead.
From line 364, column 1; to line 364, column 41 in resource file:/home/eagles/dockerz/megs/lesson-1-nouns/./4-countable-and-uncountable-nouns.html
Error: CSS: “mso-fareast-”: Parse Error.
From line 365, column 59; to line 365, column 104 in resource file:/home/eagles/dockerz/megs/lesson-1-nouns/./4-countable-and-uncountable-nouns.html
Error: CSS: “mso-fareast-”: Parse Error.
From line 375, column 256; to line 375, column 301 in resource file:/home/eagles/dockerz/megs/lesson-1-nouns/./4-countable-and-uncountable-nouns.html
Error: CSS: “mso-fareast-”: Parse Error.
From line 376, column 256; to line 376, column 301 in resource file:/home/eagles/dockerz/megs/lesson-1-nouns/./4-countable-and-uncountable-nouns.html
Error: CSS: “mso-fareast-”: Parse Error.
From line 377, column 256; to line 377, column 301 in resource file:/home/eagles/dockerz/megs/lesson-1-nouns/./4-countable-and-uncountable-nouns.html
Error: CSS: “mso-fareast-”: Parse Error.
From line 378, column 387; to line 378, column 432 in resource file:/home/eagles/dockerz/megs/lesson-1-nouns/./4-countable-and-uncountable-nouns.html
Error: CSS: “mso-fareast-”: Parse Error.
From line 379, column 256; to line 379, column 301 in resource file:/home/eagles/dockerz/megs/lesson-1-nouns/./4-countable-and-uncountable-nouns.html
Error: CSS: “mso-fareast-”: Parse Error.
From line 381, column 256; to line 381, column 301 in resource file:/home/eagles/dockerz/megs/lesson-1-nouns/./4-countable-and-uncountable-nouns.html
Error: CSS: “mso-fareast-”: Parse Error.
From line 383, column 256; to line 383, column 301 in resource file:/home/eagles/dockerz/megs/lesson-1-nouns/./4-countable-and-uncountable-nouns.html
Error: CSS: “mso-fareast-”: Parse Error.
From line 385, column 256; to line 385, column 301 in resource file:/home/eagles/dockerz/megs/lesson-1-nouns/./4-countable-and-uncountable-nouns.html
Error: CSS: “mso-fareast-”: Parse Error.
From line 386, column 256; to line 386, column 301 in resource file:/home/eagles/dockerz/megs/lesson-1-nouns/./4-countable-and-uncountable-nouns.html
Document checking completed.
